
> @ignite-ui/docs@1.0.0 build
> storybook build

@storybook/cli v7.0.18

info => Cleaning outputDir: \storybook-static
info => Loading presets
info => Building manager..
info => Manager built (478 ms)
info => Copying static files: C:\Users\usuario\Desktop\ignite-design-system\node_modules\@storybook\manager\static at C:\Users\usuario\Desktop\ignite-design-system\packages\docs\storybook-static\sb-common-assets
[36mvite v4.3.9 [32mbuilding for production...[36m[39m

./sb-common-assets/fonts.css doesn't exist at build time, it will remain unchanged to be resolved at runtime
transforming...
Use of eval in "../../node_modules/telejson/dist/index.mjs" is strongly discouraged as it poses security risks and may cause issues with minification.
Use of eval in "../../node_modules/telejson/dist/index.mjs" is strongly discouraged as it poses security risks and may cause issues with minification.
[32m✓[39m 2787 modules transformed.
rendering chunks...
[33mwarnings when minifying css:
▲ [WARNING] Expected identifier but found whitespace [css-syntax-error]

    <stdin>:21:23:
      21 │ .tokens-grid tobody td: first-child{
         ╵                        ^


▲ [WARNING] Expected identifier but found whitespace [css-syntax-error]

    <stdin>:28:22:
      28 │ .tokens-grid tbody td: last-child{
         ╵                       ^


▲ [WARNING] Expected identifier but found whitespace [css-syntax-error]

    <stdin>:35:24:
      35 │   .tokens-grid tbody td: nth-child(even) td{
         ╵                         ^


▲ [WARNING] Unexpected "nth-child(" [css-syntax-error]

    <stdin>:35:25:
      35 │   .tokens-grid tbody td: nth-child(even) td{
         ╵                          ~~~~~~~~~~

[39m
computing gzip size...
[2mstorybook-static/[22m[32miframe.html                                         [39m[1m[2m 13.54 kB[22m[1m[22m[2m │ gzip:   3.70 kB[22m
[2mstorybook-static/[22m[35massets/Tokens-8a3cfd9b.css                          [39m[1m[2m  0.45 kB[22m[1m[22m[2m │ gzip:   0.23 kB[22m
[2mstorybook-static/[22m[36massets/index-d475d2ea.js                            [39m[1m[2m  0.21 kB[22m[1m[22m[2m │ gzip:   0.17 kB[22m[2m │ map:     0.82 kB[22m
[2mstorybook-static/[22m[36massets/index-0ce7c09e.js                            [39m[1m[2m  0.25 kB[22m[1m[22m[2m │ gzip:   0.20 kB[22m[2m │ map:     0.10 kB[22m
[2mstorybook-static/[22m[36massets/preview-8da89dfe.js                          [39m[1m[2m  0.29 kB[22m[1m[22m[2m │ gzip:   0.25 kB[22m[2m │ map:     0.71 kB[22m
[2mstorybook-static/[22m[36massets/extends-98964cd2.js                          [39m[1m[2m  0.29 kB[22m[1m[22m[2m │ gzip:   0.23 kB[22m[2m │ map:     0.97 kB[22m
[2mstorybook-static/[22m[36massets/_commonjsHelpers-725317a4.js                 [39m[1m[2m  0.29 kB[22m[1m[22m[2m │ gzip:   0.23 kB[22m[2m │ map:     0.11 kB[22m
[2mstorybook-static/[22m[36massets/DocsRenderer-EYKKDMVH-4ce33d27.js            [39m[1m[2m  0.47 kB[22m[1m[22m[2m │ gzip:   0.29 kB[22m[2m │ map:     0.11 kB[22m
[2mstorybook-static/[22m[36massets/WithTooltip-FBT32F6Q-5eb8ee0b.js             [39m[1m[2m  0.50 kB[22m[1m[22m[2m │ gzip:   0.30 kB[22m[2m │ map:     0.11 kB[22m
[2mstorybook-static/[22m[36massets/syntaxhighlighter-QTQ2UBB4-c9cc9581.js       [39m[1m[2m  0.52 kB[22m[1m[22m[2m │ gzip:   0.32 kB[22m[2m │ map:     0.12 kB[22m
[2mstorybook-static/[22m[36massets/index-cf712c1b.js                            [39m[1m[2m  0.53 kB[22m[1m[22m[2m │ gzip:   0.34 kB[22m[2m │ map:     4.45 kB[22m
[2mstorybook-static/[22m[36massets/preview-54645544.js                          [39m[1m[2m  0.58 kB[22m[1m[22m[2m │ gzip:   0.37 kB[22m[2m │ map:     0.51 kB[22m
[2mstorybook-static/[22m[36massets/Box.stories-1d729e4f.js                      [39m[1m[2m  0.64 kB[22m[1m[22m[2m │ gzip:   0.40 kB[22m[2m │ map:     0.10 kB[22m
[2mstorybook-static/[22m[36massets/preview-5ef354f3.js                          [39m[1m[2m  0.69 kB[22m[1m[22m[2m │ gzip:   0.49 kB[22m[2m │ map:     3.78 kB[22m
[2mstorybook-static/[22m[36massets/CheckBox.stories-ca5d2572.js                 [39m[1m[2m  0.73 kB[22m[1m[22m[2m │ gzip:   0.47 kB[22m[2m │ map:     0.11 kB[22m
[2mstorybook-static/[22m[36massets/TextArea.stories-cee83109.js                 [39m[1m[2m  0.80 kB[22m[1m[22m[2m │ gzip:   0.50 kB[22m[2m │ map:     0.11 kB[22m
[2mstorybook-static/[22m[36massets/index-356e4a49.js                            [39m[1m[2m  0.81 kB[22m[1m[22m[2m │ gzip:   0.51 kB[22m[2m │ map:     3.29 kB[22m
[2mstorybook-static/[22m[36massets/Tokens-2b8c486c.js                           [39m[1m[2m  0.87 kB[22m[1m[22m[2m │ gzip:   0.46 kB[22m[2m │ map:     1.86 kB[22m
[2mstorybook-static/[22m[36massets/Avatar.stories-f7cab780.js                   [39m[1m[2m  0.88 kB[22m[1m[22m[2m │ gzip:   0.48 kB[22m[2m │ map:     0.11 kB[22m
[2mstorybook-static/[22m[36massets/preview-b1164a2e.js                          [39m[1m[2m  0.88 kB[22m[1m[22m[2m │ gzip:   0.58 kB[22m[2m │ map:     2.82 kB[22m
[2mstorybook-static/[22m[36massets/index-d3abe48e.js                            [39m[1m[2m  0.92 kB[22m[1m[22m[2m │ gzip:   0.49 kB[22m[2m │ map:     2.49 kB[22m
[2mstorybook-static/[22m[36massets/MultiStep.stories-701874d9.js                [39m[1m[2m  0.95 kB[22m[1m[22m[2m │ gzip:   0.52 kB[22m[2m │ map:     0.11 kB[22m
[2mstorybook-static/[22m[36massets/Text.stories-c065e1be.js                     [39m[1m[2m  0.95 kB[22m[1m[22m[2m │ gzip:   0.51 kB[22m[2m │ map:     0.11 kB[22m
[2mstorybook-static/[22m[36massets/jsx-runtime-5fc188ad.js                      [39m[1m[2m  0.97 kB[22m[1m[22m[2m │ gzip:   0.61 kB[22m[2m │ map:     2.25 kB[22m
[2mstorybook-static/[22m[36massets/home.stories-820e638a.js                     [39m[1m[2m  1.16 kB[22m[1m[22m[2m │ gzip:   0.64 kB[22m[2m │ map:     1.30 kB[22m
[2mstorybook-static/[22m[36massets/Heading.stories-493719b7.js                  [39m[1m[2m  1.21 kB[22m[1m[22m[2m │ gzip:   0.57 kB[22m[2m │ map:     0.12 kB[22m
[2mstorybook-static/[22m[36massets/fonts.stories-14b0e804.js                    [39m[1m[2m  1.22 kB[22m[1m[22m[2m │ gzip:   0.65 kB[22m[2m │ map:     1.42 kB[22m
[2mstorybook-static/[22m[36massets/radii.stories-cf4be45d.js                    [39m[1m[2m  1.22 kB[22m[1m[22m[2m │ gzip:   0.65 kB[22m[2m │ map:     1.42 kB[22m
[2mstorybook-static/[22m[36massets/space.stories-a1da5cb4.js                    [39m[1m[2m  1.23 kB[22m[1m[22m[2m │ gzip:   0.65 kB[22m[2m │ map:     1.44 kB[22m
[2mstorybook-static/[22m[36massets/font-weights.stories-b88fc661.js             [39m[1m[2m  1.24 kB[22m[1m[22m[2m │ gzip:   0.66 kB[22m[2m │ map:     1.46 kB[22m
[2mstorybook-static/[22m[36massets/line-heights.stories-9b371911.js             [39m[1m[2m  1.24 kB[22m[1m[22m[2m │ gzip:   0.66 kB[22m[2m │ map:     1.46 kB[22m
[2mstorybook-static/[22m[36massets/fontSizes.stories-5072c4f3.js                [39m[1m[2m  1.25 kB[22m[1m[22m[2m │ gzip:   0.66 kB[22m[2m │ map:     1.47 kB[22m
[2mstorybook-static/[22m[36massets/TextInput.stories-173104bb.js                [39m[1m[2m  1.34 kB[22m[1m[22m[2m │ gzip:   0.64 kB[22m[2m │ map:     0.12 kB[22m
[2mstorybook-static/[22m[36massets/colors.stories-4b978d4f.js                   [39m[1m[2m  1.58 kB[22m[1m[22m[2m │ gzip:   0.85 kB[22m[2m │ map:     2.60 kB[22m
[2mstorybook-static/[22m[36massets/Button.stories-12c23b4b.js                   [39m[1m[2m  2.25 kB[22m[1m[22m[2m │ gzip:   0.87 kB[22m[2m │ map:     0.81 kB[22m
[2mstorybook-static/[22m[36massets/preview-a60aa466.js                          [39m[1m[2m  2.40 kB[22m[1m[22m[2m │ gzip:   1.25 kB[22m[2m │ map:    10.86 kB[22m
[2mstorybook-static/[22m[36massets/index-d37d4223.js                            [39m[1m[2m  2.63 kB[22m[1m[22m[2m │ gzip:   1.30 kB[22m[2m │ map:     7.42 kB[22m
[2mstorybook-static/[22m[36massets/preview-770cc08b.js                          [39m[1m[2m  3.22 kB[22m[1m[22m[2m │ gzip:   1.39 kB[22m[2m │ map:    10.00 kB[22m
[2mstorybook-static/[22m[36massets/preview-d8c963a4.js                          [39m[1m[2m  7.67 kB[22m[1m[22m[2m │ gzip:   1.60 kB[22m[2m │ map:    14.42 kB[22m
[2mstorybook-static/[22m[36massets/preview-2cd4e1a1.js                          [39m[1m[2m  8.00 kB[22m[1m[22m[2m │ gzip:   3.04 kB[22m[2m │ map:    28.03 kB[22m
[33m
[2mstorybook-static/[22m[36massets/iframe-dd204b59.js                           [39m[1m[2m  9.96 kB[22m[1m[22m[2m │ gzip:   2.09 kB[22m[2m │ map:     8.08 kB[22m
[2mstorybook-static/[22m[36massets/GlobalScrollAreaStyles-XIHNDKUY-ca287e0b.js  [39m[1m[2m 10.48 kB[22m[1m[22m[2m │ gzip:   2.38 kB[22m[2m │ map:    15.69 kB[22m
[2mstorybook-static/[22m[36massets/preview-b038cc74.js                          [39m[1m[2m 21.08 kB[22m[1m[22m[2m │ gzip:   6.99 kB[22m[2m │ map:    69.99 kB[22m
(!) Some chunks are larger than 500 kBs after minification. Consider:
- Using dynamic import() to code-split the application
- Use build.rollupOptions.output.manualChunks to improve chunking: https://rollupjs.org/configuration-options/#output-manualchunks
[2mstorybook-static/[22m[36massets/chunk-4NMOSTKD-052c8761.js                   [39m[1m[2m 21.63 kB[22m[1m[22m[2m │ gzip:   7.23 kB[22m[2m │ map:    49.80 kB[22m
[2mstorybook-static/[22m[36massets/Color-3YIJY6X7-9451c85b.js                   [39m[1m[2m 31.10 kB[22m[1m[22m[2m │ gzip:  11.70 kB[22m[2m │ map:   114.82 kB[22m
- Adjust chunk size limit for this warning via build.chunkSizeWarningLimit.[39m
[2mstorybook-static/[22m[36massets/index-d84b4b20.js                            [39m[1m[2m 36.14 kB[22m[1m[22m[2m │ gzip:  12.96 kB[22m[2m │ map:   137.58 kB[22m
[2mstorybook-static/[22m[36massets/OverlayScrollbars-VAV6LJAB-e2257fd2.js       [39m[1m[2m 59.05 kB[22m[1m[22m[2m │ gzip:  25.33 kB[22m[2m │ map:   277.33 kB[22m
[2mstorybook-static/[22m[36massets/index-e8a4bda7.js                            [39m[1m[2m 78.74 kB[22m[1m[22m[2m │ gzip:  23.64 kB[22m[2m │ map:   331.51 kB[22m
[2mstorybook-static/[22m[36massets/index-c0290abd.js                            [39m[1m[2m141.33 kB[22m[1m[22m[2m │ gzip:  45.51 kB[22m[2m │ map:   343.45 kB[22m
[2mstorybook-static/[22m[36massets/config-ef3d2a91.js                           [39m[1m[2m318.18 kB[22m[1m[22m[2m │ gzip:  98.29 kB[22m[2m │ map: 1,178.16 kB[22m
[2mstorybook-static/[22m[36massets/chunk-PCJTTTQV-1ae7a859.js                   [39m[1m[2m482.68 kB[22m[1m[22m[2m │ gzip: 158.69 kB[22m[2m │ map: 1,407.94 kB[22m
[2mstorybook-static/[22m[36massets/formatter-S4K5WUZV-cb58236f.js               [39m[1m[33m601.69 kB[39m[22m[2m │ gzip: 185.07 kB[22m[2m │ map: 1,314.55 kB[22m
[32m✓ built in 39.55s[39m
info => Output directory: C:\Users\usuario\Desktop\ignite-design-system\packages\docs\storybook-static
